  BoundingAABB.cpp
  BoundingOOBB.cpp
  BoundingSphere.cpp
  BoundingVolume.cpp
  CollisionDetection.cpp
  Debug.cpp
D:\PhysicsEngine_Tutorial\Common\Keyboard.h(1,1): warning C4819: 该文件包含不能在当前代码页(936)中表示的字符。请将该文件保存为 Unicode 格式以防止数据丢失
  GameClient.cpp
  GameObject.cpp
  GameServer.cpp
D:\PhysicsEngine_Tutorial\Common\Keyboard.h(1,1): warning C4819: 该文件包含不能在当前代码页(936)中表示的字符。请将该文件保存为 Unicode 格式以防止数据丢失
  GameWorld.cpp
D:\PhysicsEngine_Tutorial\Common\Keyboard.h(1,1): warning C4819: 该文件包含不能在当前代码页(936)中表示的字符。请将该文件保存为 Unicode 格式以防止数据丢失
  NavigationGrid.cpp
  NavigationMesh.cpp
  NetworkBase.cpp
  NetworkObject.cpp
  NetworkState.cpp
  PhysicsObject.cpp
D:\PhysicsEngine_Tutorial\Common\Keyboard.h(1,1): warning C4819: 该文件包含不能在当前代码页(936)中表示的字符。请将该文件保存为 Unicode 格式以防止数据丢失
  PhysicsSystem.cpp
D:\PhysicsEngine_Tutorial\Common\Keyboard.h(1,1): warning C4819: 该文件包含不能在当前代码页(936)中表示的字符。请将该文件保存为 Unicode 格式以防止数据丢失
  PositionConstraint.cpp
D:\PhysicsEngine_Tutorial\Common\Keyboard.h(1,1): warning C4819: 该文件包含不能在当前代码页(936)中表示的字符。请将该文件保存为 Unicode 格式以防止数据丢失
  PushdownMachine.cpp
  PushdownState.cpp
  正在生成代码...
  正在编译...
  QuadTree.cpp
D:\PhysicsEngine_Tutorial\Common\Keyboard.h(1,1): warning C4819: 该文件包含不能在当前代码页(936)中表示的字符。请将该文件保存为 Unicode 格式以防止数据丢失
  RenderObject.cpp
  StateMachine.cpp
  StateTransition.cpp
  Transform.cpp
  正在生成代码...
D:\PhysicsEngine_Tutorial\Common\Keyboard.h(1,1): warning C4819: 该文件包含不能在当前代码页(936)中表示的字符。请将该文件保存为 Unicode 格式以防止数据丢失
  CSC8503Common.vcxproj -> D:\PhysicsEngine_Tutorial\x64\Debug\CSC8503Common.lib
