d:\physicsengine_tutorial\csc8503\csc8503common\x64\debug\csc8503common.pdb
d:\physicsengine_tutorial\csc8503\csc8503common\x64\debug\csc8503common.idb
d:\physicsengine_tutorial\csc8503\csc8503common\x64\debug\pushdownstate.obj
d:\physicsengine_tutorial\csc8503\csc8503common\x64\debug\pushdownmachine.obj
d:\physicsengine_tutorial\csc8503\csc8503common\x64\debug\positionconstraint.obj
d:\physicsengine_tutorial\csc8503\csc8503common\x64\debug\physicssystem.obj
d:\physicsengine_tutorial\csc8503\csc8503common\x64\debug\physicsobject.obj
d:\physicsengine_tutorial\csc8503\csc8503common\x64\debug\networkstate.obj
d:\physicsengine_tutorial\csc8503\csc8503common\x64\debug\networkobject.obj
d:\physicsengine_tutorial\csc8503\csc8503common\x64\debug\networkbase.obj
d:\physicsengine_tutorial\csc8503\csc8503common\x64\debug\navigationmesh.obj
d:\physicsengine_tutorial\csc8503\csc8503common\x64\debug\navigationgrid.obj
d:\physicsengine_tutorial\csc8503\csc8503common\x64\debug\gameworld.obj
d:\physicsengine_tutorial\csc8503\csc8503common\x64\debug\gameserver.obj
d:\physicsengine_tutorial\csc8503\csc8503common\x64\debug\gameobject.obj
d:\physicsengine_tutorial\csc8503\csc8503common\x64\debug\gameclient.obj
d:\physicsengine_tutorial\csc8503\csc8503common\x64\debug\debug.obj
d:\physicsengine_tutorial\csc8503\csc8503common\x64\debug\collisiondetection.obj
d:\physicsengine_tutorial\csc8503\csc8503common\x64\debug\boundingvolume.obj
d:\physicsengine_tutorial\csc8503\csc8503common\x64\debug\boundingsphere.obj
d:\physicsengine_tutorial\csc8503\csc8503common\x64\debug\boundingoobb.obj
d:\physicsengine_tutorial\csc8503\csc8503common\x64\debug\boundingaabb.obj
d:\physicsengine_tutorial\csc8503\csc8503common\x64\debug\transform.obj
d:\physicsengine_tutorial\csc8503\csc8503common\x64\debug\statetransition.obj
d:\physicsengine_tutorial\csc8503\csc8503common\x64\debug\statemachine.obj
d:\physicsengine_tutorial\csc8503\csc8503common\x64\debug\renderobject.obj
d:\physicsengine_tutorial\csc8503\csc8503common\x64\debug\quadtree.obj
d:\physicsengine_tutorial\x64\debug\csc8503common.lib
d:\physicsengine_tutorial\x64\debug\csc8503common.pdb
d:\physicsengine_tutorial\csc8503\csc8503common\x64\debug\csc8503common.tlog\cl.command.1.tlog
d:\physicsengine_tutorial\csc8503\csc8503common\x64\debug\csc8503common.tlog\cl.read.1.tlog
d:\physicsengine_tutorial\csc8503\csc8503common\x64\debug\csc8503common.tlog\cl.write.1.tlog
d:\physicsengine_tutorial\csc8503\csc8503common\x64\debug\csc8503common.tlog\lib-link.read.1.tlog
d:\physicsengine_tutorial\csc8503\csc8503common\x64\debug\csc8503common.tlog\lib-link.write.1.tlog
d:\physicsengine_tutorial\csc8503\csc8503common\x64\debug\csc8503common.tlog\lib.command.1.tlog
