d:\physicsengine_cge_tutorial\physicsengine_cge_tutorial\csc8503\csc8503common\debug\csc8503common.pdb
d:\physicsengine_cge_tutorial\physicsengine_cge_tutorial\csc8503\csc8503common\debug\csc8503common.idb
d:\physicsengine_cge_tutorial\physicsengine_cge_tutorial\csc8503\csc8503common\debug\pushdownstate.obj
d:\physicsengine_cge_tutorial\physicsengine_cge_tutorial\csc8503\csc8503common\debug\pushdownmachine.obj
d:\physicsengine_cge_tutorial\physicsengine_cge_tutorial\csc8503\csc8503common\debug\positionconstraint.obj
d:\physicsengine_cge_tutorial\physicsengine_cge_tutorial\csc8503\csc8503common\debug\physicssystem.obj
d:\physicsengine_cge_tutorial\physicsengine_cge_tutorial\csc8503\csc8503common\debug\physicsobject.obj
d:\physicsengine_cge_tutorial\physicsengine_cge_tutorial\csc8503\csc8503common\debug\networkstate.obj
d:\physicsengine_cge_tutorial\physicsengine_cge_tutorial\csc8503\csc8503common\debug\networkobject.obj
d:\physicsengine_cge_tutorial\physicsengine_cge_tutorial\csc8503\csc8503common\debug\networkbase.obj
d:\physicsengine_cge_tutorial\physicsengine_cge_tutorial\csc8503\csc8503common\debug\navigationmesh.obj
d:\physicsengine_cge_tutorial\physicsengine_cge_tutorial\csc8503\csc8503common\debug\navigationgrid.obj
d:\physicsengine_cge_tutorial\physicsengine_cge_tutorial\csc8503\csc8503common\debug\gameworld.obj
d:\physicsengine_cge_tutorial\physicsengine_cge_tutorial\csc8503\csc8503common\debug\gameserver.obj
d:\physicsengine_cge_tutorial\physicsengine_cge_tutorial\csc8503\csc8503common\debug\gameobject.obj
d:\physicsengine_cge_tutorial\physicsengine_cge_tutorial\csc8503\csc8503common\debug\gameclient.obj
d:\physicsengine_cge_tutorial\physicsengine_cge_tutorial\csc8503\csc8503common\debug\debug.obj
d:\physicsengine_cge_tutorial\physicsengine_cge_tutorial\csc8503\csc8503common\debug\collisiondetection.obj
d:\physicsengine_cge_tutorial\physicsengine_cge_tutorial\csc8503\csc8503common\debug\boundingvolume.obj
d:\physicsengine_cge_tutorial\physicsengine_cge_tutorial\csc8503\csc8503common\debug\boundingsphere.obj
d:\physicsengine_cge_tutorial\physicsengine_cge_tutorial\csc8503\csc8503common\debug\boundingoobb.obj
d:\physicsengine_cge_tutorial\physicsengine_cge_tutorial\csc8503\csc8503common\debug\boundingaabb.obj
d:\physicsengine_cge_tutorial\physicsengine_cge_tutorial\csc8503\csc8503common\debug\transform.obj
d:\physicsengine_cge_tutorial\physicsengine_cge_tutorial\csc8503\csc8503common\debug\statetransition.obj
d:\physicsengine_cge_tutorial\physicsengine_cge_tutorial\csc8503\csc8503common\debug\statemachine.obj
d:\physicsengine_cge_tutorial\physicsengine_cge_tutorial\csc8503\csc8503common\debug\renderobject.obj
d:\physicsengine_cge_tutorial\physicsengine_cge_tutorial\csc8503\csc8503common\debug\quadtree.obj
d:\physicsengine_cge_tutorial\physicsengine_cge_tutorial\csc8503\csc8503common\debug\capsulevolumn.obj
d:\physicsengine_cge_tutorial\physicsengine_cge_tutorial\win32\debug\csc8503common.lib
d:\physicsengine_cge_tutorial\physicsengine_cge_tutorial\win32\debug\csc8503common.pdb
d:\physicsengine_cge_tutorial\physicsengine_cge_tutorial\csc8503\csc8503common\debug\csc8503common.tlog\cl.command.1.tlog
d:\physicsengine_cge_tutorial\physicsengine_cge_tutorial\csc8503\csc8503common\debug\csc8503common.tlog\cl.read.1.tlog
d:\physicsengine_cge_tutorial\physicsengine_cge_tutorial\csc8503\csc8503common\debug\csc8503common.tlog\cl.write.1.tlog
d:\physicsengine_cge_tutorial\physicsengine_cge_tutorial\csc8503\csc8503common\debug\csc8503common.tlog\lib-link.read.1.tlog
d:\physicsengine_cge_tutorial\physicsengine_cge_tutorial\csc8503\csc8503common\debug\csc8503common.tlog\lib-link.write.1.tlog
d:\physicsengine_cge_tutorial\physicsengine_cge_tutorial\csc8503\csc8503common\debug\csc8503common.tlog\lib.command.1.tlog
