d:\physicsengine_tutorial\common\x64\debug\common.pdb
d:\physicsengine_tutorial\common\x64\debug\common.idb
d:\physicsengine_tutorial\common\x64\debug\vector3.obj
d:\physicsengine_tutorial\common\x64\debug\vector2.obj
d:\physicsengine_tutorial\common\x64\debug\texturewriter.obj
d:\physicsengine_tutorial\common\x64\debug\textureloader.obj
d:\physicsengine_tutorial\common\x64\debug\texturebase.obj
d:\physicsengine_tutorial\common\x64\debug\simplefont.obj
d:\physicsengine_tutorial\common\x64\debug\shaderbase.obj
d:\physicsengine_tutorial\common\x64\debug\rendererbase.obj
d:\physicsengine_tutorial\common\x64\debug\quaternion.obj
d:\physicsengine_tutorial\common\x64\debug\plane.obj
d:\physicsengine_tutorial\common\x64\debug\mouse.obj
d:\physicsengine_tutorial\common\x64\debug\meshgeometry.obj
d:\physicsengine_tutorial\common\x64\debug\matrix4.obj
d:\physicsengine_tutorial\common\x64\debug\matrix3.obj
d:\physicsengine_tutorial\common\x64\debug\matrix2.obj
d:\physicsengine_tutorial\common\x64\debug\maths.obj
d:\physicsengine_tutorial\common\x64\debug\keyboard.obj
d:\physicsengine_tutorial\common\x64\debug\gametimer.obj
d:\physicsengine_tutorial\common\x64\debug\camera.obj
d:\physicsengine_tutorial\common\x64\debug\assets.obj
d:\physicsengine_tutorial\common\x64\debug\window.obj
d:\physicsengine_tutorial\common\x64\debug\win32window.obj
d:\physicsengine_tutorial\common\x64\debug\win32mouse.obj
d:\physicsengine_tutorial\common\x64\debug\win32keyboard.obj
d:\physicsengine_tutorial\common\x64\debug\vector4.obj
d:\physicsengine_tutorial\x64\debug\common.lib
d:\physicsengine_tutorial\x64\debug\common.pdb
d:\physicsengine_tutorial\common\x64\debug\common.tlog\cl.command.1.tlog
d:\physicsengine_tutorial\common\x64\debug\common.tlog\cl.read.1.tlog
d:\physicsengine_tutorial\common\x64\debug\common.tlog\cl.write.1.tlog
d:\physicsengine_tutorial\common\x64\debug\common.tlog\lib-link.read.1.tlog
d:\physicsengine_tutorial\common\x64\debug\common.tlog\lib-link.write.1.tlog
d:\physicsengine_tutorial\common\x64\debug\common.tlog\lib.command.1.tlog
