d:\physicsengine_tutorial\csc8503\gametech\x64\debug\vc142.pdb
d:\physicsengine_tutorial\csc8503\gametech\x64\debug\vc142.idb
d:\physicsengine_tutorial\csc8503\gametech\x64\debug\tutorialgame.obj
d:\physicsengine_tutorial\csc8503\gametech\x64\debug\networkedgame.obj
d:\physicsengine_tutorial\csc8503\gametech\x64\debug\networkplayer.obj
d:\physicsengine_tutorial\csc8503\gametech\x64\debug\main.obj
d:\physicsengine_tutorial\csc8503\gametech\x64\debug\gametechrenderer.obj
d:\physicsengine_tutorial\csc8503\gametech\x64\debug\imgui_widgets.obj
d:\physicsengine_tutorial\csc8503\gametech\x64\debug\imgui_impl_opengl3.obj
d:\physicsengine_tutorial\csc8503\gametech\x64\debug\imgui_draw.obj
d:\physicsengine_tutorial\csc8503\gametech\x64\debug\imgui_demo.obj
d:\physicsengine_tutorial\csc8503\gametech\x64\debug\imgui.obj
d:\physicsengine_tutorial\x64\debug\gametech.exe
d:\physicsengine_tutorial\x64\debug\gametech.ilk
d:\physicsengine_tutorial\x64\debug\gametech.pdb
d:\physicsengine_tutorial\csc8503\gametech\x64\debug\gametech.tlog\cl.command.1.tlog
d:\physicsengine_tutorial\csc8503\gametech\x64\debug\gametech.tlog\cl.read.1.tlog
d:\physicsengine_tutorial\csc8503\gametech\x64\debug\gametech.tlog\cl.write.1.tlog
d:\physicsengine_tutorial\csc8503\gametech\x64\debug\gametech.tlog\link.command.1.tlog
d:\physicsengine_tutorial\csc8503\gametech\x64\debug\gametech.tlog\link.read.1.tlog
d:\physicsengine_tutorial\csc8503\gametech\x64\debug\gametech.tlog\link.write.1.tlog
