  Main.cpp
D:\PhysicsEngine_CGE_Tutorial\PhysicsEngine_CGE_Tutorial\Common\Keyboard.h(1,1): warning C4819: 该文件包含不能在当前代码页(936)中表示的字符。请将该文件保存为 Unicode 格式以防止数据丢失
C:\Program Files (x86)\Windows Kits\10\Include\10.0.18362.0\um\winsock2.h(17,1): warning C4005: “_WINSOCKAPI_”: 宏重定义
D:\PhysicsEngine_CGE_Tutorial\PhysicsEngine_CGE_Tutorial\CSC8503\GameTech\Main.cpp : message : 参见“_WINSOCKAPI_”的前一个定义
D:\PhysicsEngine_CGE_Tutorial\PhysicsEngine_CGE_Tutorial\CSC8503\GameTech\TutorialGame.h(50,126): warning C4305: “参数”: 从“double”到“float”截断
D:\PhysicsEngine_CGE_Tutorial\PhysicsEngine_CGE_Tutorial\CSC8503\GameTech\Main.cpp(82,20): warning C4018: “<”: 有符号/无符号不匹配
D:\PhysicsEngine_CGE_Tutorial\PhysicsEngine_CGE_Tutorial\CSC8503\GameTech\Main.cpp(117,23): warning C4244: “初始化”: 从“double”转换到“float”，可能丢失数据
D:\PhysicsEngine_CGE_Tutorial\PhysicsEngine_CGE_Tutorial\CSC8503\GameTech\Main.cpp(123,18): warning C4244: “初始化”: 从“double”转换到“float”，可能丢失数据
  NetworkPlayer.cpp
D:\PhysicsEngine_CGE_Tutorial\PhysicsEngine_CGE_Tutorial\CSC8503\GameTech\Main.cpp(131,55): warning C4244: “=”: 从“double”转换到“float”，可能丢失数据
C:\Program Files (x86)\Windows Kits\10\Include\10.0.18362.0\um\winsock2.h(17,1): warning C4005: “_WINSOCKAPI_”: 宏重定义
D:\PhysicsEngine_CGE_Tutorial\PhysicsEngine_CGE_Tutorial\CSC8503\GameTech\NetworkPlayer.cpp : message : 参见“_WINSOCKAPI_”的前一个定义
D:\PhysicsEngine_CGE_Tutorial\PhysicsEngine_CGE_Tutorial\Common\Keyboard.h(1,1): warning C4819: 该文件包含不能在当前代码页(936)中表示的字符。请将该文件保存为 Unicode 格式以防止数据丢失
  NetworkedGame.cpp
D:\PhysicsEngine_CGE_Tutorial\PhysicsEngine_CGE_Tutorial\CSC8503\GameTech\TutorialGame.h(50,126): warning C4305: “参数”: 从“double”到“float”截断
D:\PhysicsEngine_CGE_Tutorial\PhysicsEngine_CGE_Tutorial\Common\Keyboard.h(1,1): warning C4819: 该文件包含不能在当前代码页(936)中表示的字符。请将该文件保存为 Unicode 格式以防止数据丢失
C:\Program Files (x86)\Windows Kits\10\Include\10.0.18362.0\um\winsock2.h(17,1): warning C4005: “_WINSOCKAPI_”: 宏重定义
D:\PhysicsEngine_CGE_Tutorial\PhysicsEngine_CGE_Tutorial\CSC8503\GameTech\NetworkedGame.cpp : message : 参见“_WINSOCKAPI_”的前一个定义
  TutorialGame.cpp
D:\PhysicsEngine_CGE_Tutorial\PhysicsEngine_CGE_Tutorial\CSC8503\GameTech\TutorialGame.h(50,126): warning C4305: “参数”: 从“double”到“float”截断
D:\PhysicsEngine_CGE_Tutorial\PhysicsEngine_CGE_Tutorial\Common\Keyboard.h(1,1): warning C4819: 该文件包含不能在当前代码页(936)中表示的字符。请将该文件保存为 Unicode 格式以防止数据丢失
C:\Program Files (x86)\Windows Kits\10\Include\10.0.18362.0\um\winsock2.h(17,1): warning C4005: “_WINSOCKAPI_”: 宏重定义
D:\PhysicsEngine_CGE_Tutorial\PhysicsEngine_CGE_Tutorial\CSC8503\GameTech\TutorialGame.cpp : message : 参见“_WINSOCKAPI_”的前一个定义
D:\PhysicsEngine_CGE_Tutorial\PhysicsEngine_CGE_Tutorial\CSC8503\GameTech\TutorialGame.h(50,126): warning C4305: “参数”: 从“double”到“float”截断
D:\PhysicsEngine_CGE_Tutorial\PhysicsEngine_CGE_Tutorial\CSC8503\GameTech\TutorialGame.cpp(241,72): warning C4305: “参数”: 从“double”到“float”截断
D:\PhysicsEngine_CGE_Tutorial\PhysicsEngine_CGE_Tutorial\CSC8503\GameTech\TutorialGame.cpp(268,71): warning C4305: “参数”: 从“double”到“float”截断
D:\PhysicsEngine_CGE_Tutorial\PhysicsEngine_CGE_Tutorial\CSC8503\GameTech\TutorialGame.cpp(343,53): warning C4305: “参数”: 从“double”到“float”截断
D:\PhysicsEngine_CGE_Tutorial\PhysicsEngine_CGE_Tutorial\CSC8503\GameTech\TutorialGame.cpp(345,51): warning C4305: “参数”: 从“double”到“float”截断
D:\PhysicsEngine_CGE_Tutorial\PhysicsEngine_CGE_Tutorial\CSC8503\GameTech\TutorialGame.cpp(350,36): warning C4305: “参数”: 从“double”到“float”截断
D:\PhysicsEngine_CGE_Tutorial\PhysicsEngine_CGE_Tutorial\CSC8503\GameTech\TutorialGame.cpp(364,27): warning C4244: “参数”: 从“int”转换到“float”，可能丢失数据
D:\PhysicsEngine_CGE_Tutorial\PhysicsEngine_CGE_Tutorial\CSC8503\GameTech\TutorialGame.cpp(389,47): warning C4244: “参数”: 从“int”转换到“float”，可能丢失数据
D:\PhysicsEngine_CGE_Tutorial\PhysicsEngine_CGE_Tutorial\CSC8503\GameTech\TutorialGame.cpp(389,38): warning C4244: “参数”: 从“int”转换到“float”，可能丢失数据
D:\PhysicsEngine_CGE_Tutorial\PhysicsEngine_CGE_Tutorial\CSC8503\GameTech\TutorialGame.cpp(407,37): warning C4305: “参数”: 从“double”到“float”截断
D:\PhysicsEngine_CGE_Tutorial\PhysicsEngine_CGE_Tutorial\CSC8503\GameTech\TutorialGame.cpp(577,60): warning C4305: “参数”: 从“double”到“float”截断
D:\PhysicsEngine_CGE_Tutorial\PhysicsEngine_CGE_Tutorial\CSC8503\GameTech\TutorialGame.cpp(613,60): warning C4305: “参数”: 从“double”到“float”截断
  正在生成代码...
D:\PhysicsEngine_CGE_Tutorial\PhysicsEngine_CGE_Tutorial\CSC8503\GameTech\TutorialGame.cpp(654,66): warning C4244: “参数”: 从“int”转换到“float”，可能丢失数据
  GameTech.vcxproj -> D:\PhysicsEngine_CGE_Tutorial\PhysicsEngine_CGE_Tutorial\Win32\Debug\GameTech.exe
