d:\physicsengine_cge_tutorial\physicsengine_cge_tutorial\common\debug\common.pdb
d:\physicsengine_cge_tutorial\physicsengine_cge_tutorial\common\debug\common.idb
d:\physicsengine_cge_tutorial\physicsengine_cge_tutorial\common\debug\vector3.obj
d:\physicsengine_cge_tutorial\physicsengine_cge_tutorial\common\debug\vector2.obj
d:\physicsengine_cge_tutorial\physicsengine_cge_tutorial\common\debug\texturewriter.obj
d:\physicsengine_cge_tutorial\physicsengine_cge_tutorial\common\debug\textureloader.obj
d:\physicsengine_cge_tutorial\physicsengine_cge_tutorial\common\debug\texturebase.obj
d:\physicsengine_cge_tutorial\physicsengine_cge_tutorial\common\debug\simplefont.obj
d:\physicsengine_cge_tutorial\physicsengine_cge_tutorial\common\debug\shaderbase.obj
d:\physicsengine_cge_tutorial\physicsengine_cge_tutorial\common\debug\rendererbase.obj
d:\physicsengine_cge_tutorial\physicsengine_cge_tutorial\common\debug\quaternion.obj
d:\physicsengine_cge_tutorial\physicsengine_cge_tutorial\common\debug\plane.obj
d:\physicsengine_cge_tutorial\physicsengine_cge_tutorial\common\debug\mouse.obj
d:\physicsengine_cge_tutorial\physicsengine_cge_tutorial\common\debug\meshgeometry.obj
d:\physicsengine_cge_tutorial\physicsengine_cge_tutorial\common\debug\matrix4.obj
d:\physicsengine_cge_tutorial\physicsengine_cge_tutorial\common\debug\matrix3.obj
d:\physicsengine_cge_tutorial\physicsengine_cge_tutorial\common\debug\matrix2.obj
d:\physicsengine_cge_tutorial\physicsengine_cge_tutorial\common\debug\maths.obj
d:\physicsengine_cge_tutorial\physicsengine_cge_tutorial\common\debug\keyboard.obj
d:\physicsengine_cge_tutorial\physicsengine_cge_tutorial\common\debug\gametimer.obj
d:\physicsengine_cge_tutorial\physicsengine_cge_tutorial\common\debug\camera.obj
d:\physicsengine_cge_tutorial\physicsengine_cge_tutorial\common\debug\assets.obj
d:\physicsengine_cge_tutorial\physicsengine_cge_tutorial\common\debug\window.obj
d:\physicsengine_cge_tutorial\physicsengine_cge_tutorial\common\debug\win32window.obj
d:\physicsengine_cge_tutorial\physicsengine_cge_tutorial\common\debug\win32mouse.obj
d:\physicsengine_cge_tutorial\physicsengine_cge_tutorial\common\debug\win32keyboard.obj
d:\physicsengine_cge_tutorial\physicsengine_cge_tutorial\common\debug\vector4.obj
d:\physicsengine_cge_tutorial\physicsengine_cge_tutorial\win32\debug\common.lib
d:\physicsengine_cge_tutorial\physicsengine_cge_tutorial\win32\debug\common.pdb
d:\physicsengine_cge_tutorial\physicsengine_cge_tutorial\common\debug\common.tlog\cl.command.1.tlog
d:\physicsengine_cge_tutorial\physicsengine_cge_tutorial\common\debug\common.tlog\cl.read.1.tlog
d:\physicsengine_cge_tutorial\physicsengine_cge_tutorial\common\debug\common.tlog\cl.write.1.tlog
d:\physicsengine_cge_tutorial\physicsengine_cge_tutorial\common\debug\common.tlog\lib-link.read.1.tlog
d:\physicsengine_cge_tutorial\physicsengine_cge_tutorial\common\debug\common.tlog\lib-link.write.1.tlog
d:\physicsengine_cge_tutorial\physicsengine_cge_tutorial\common\debug\common.tlog\lib.command.1.tlog
